{"id": "E01", "synthetic": true, "timestamp": "2026-09-24T08:01:00Z", "provider": "Microsoft-Windows-Security-Auditing", "event_id": 4625, "host": "WIN-LAB01", "user": "alan.lab", "domain": "LAB", "source_ip": "192.0.2.10", "logon_type": 10}
{"id": "E02", "synthetic": true, "timestamp": "2026-09-24T08:02:00Z", "provider": "Microsoft-Windows-Security-Auditing", "event_id": 4625, "host": "WIN-LAB01", "user": "alan.lab", "domain": "LAB", "source_ip": "192.0.2.10", "logon_type": 10}
{"id": "E03", "synthetic": true, "timestamp": "2026-09-24T08:03:00Z", "provider": "Microsoft-Windows-Security-Auditing", "event_id": 4625, "host": "WIN-LAB01", "user": "alan.lab", "domain": "LAB", "source_ip": "192.0.2.10", "logon_type": 10}
{"id": "E04", "synthetic": true, "timestamp": "2026-09-24T08:05:00Z", "provider": "Microsoft-Windows-Security-Auditing", "event_id": 4624, "host": "WIN-LAB01", "user": "alan.lab", "domain": "LAB", "source_ip": "192.0.2.10", "logon_type": 10, "logon_id": "0xA100"}
{"id": "E05", "synthetic": true, "timestamp": "2026-09-24T08:06:00Z", "provider": "Microsoft-Windows-Security-Auditing", "event_id": 4672, "host": "WIN-LAB01", "user": "alan.lab", "domain": "LAB", "logon_id": "0xA100", "privileges": ["SeDebugPrivilege"]}
{"id": "E06", "synthetic": true, "timestamp": "2026-09-24T08:08:00Z", "provider": "Microsoft-Windows-Sysmon", "event_id": 1, "host": "WIN-LAB01", "user": "alan.lab", "domain": "LAB", "logon_id": "0xA100", "process_guid": "{11111111-2222-3333-4444-555555555555}", "process_id": 4200, "parent_process_guid": "{AAAAAAAA-2222-3333-4444-555555555555}", "image": "C:\\Windows\\System32\\WindowsPowerShell\\v1.0\\powershell.exe", "parent_image": "C:\\Windows\\explorer.exe", "command_line": "powershell.exe -NoProfile -NoExit -Command Get-Date"}
{"id": "E07", "synthetic": true, "timestamp": "2026-09-24T08:10:00Z", "provider": "Microsoft-Windows-Sysmon", "event_id": 22, "host": "WIN-LAB01", "user": "alan.lab", "domain": "LAB", "process_guid": "{11111111-2222-3333-4444-555555555555}", "query_name": "updates.example.test", "description": "Observação sintética posterior; o comando de criação não descreve comandos interativos seguintes."}
{"id": "E08", "synthetic": true, "timestamp": "2026-09-24T08:12:00Z", "provider": "Microsoft-Windows-Sysmon", "event_id": 3, "host": "WIN-LAB01", "user": "alan.lab", "domain": "LAB", "process_guid": "{11111111-2222-3333-4444-555555555555}", "destination_ip": "198.51.100.20", "destination_port": 443, "protocol": "tcp"}
{"id": "E09", "synthetic": true, "timestamp": "2026-09-24T08:15:00Z", "provider": "Microsoft-Windows-Security-Auditing", "event_id": 4720, "host": "DC-LAB01", "user": "novo.lab", "domain": "LAB", "actor": "admin.lab", "actor_domain": "LAB", "scope": "domain"}
{"id": "E10", "synthetic": true, "timestamp": "2026-09-24T08:02:30Z", "provider": "Microsoft-Windows-Security-Auditing", "event_id": 4625, "host": "WIN-LAB01", "user": "alan.lab", "domain": "OUTRO", "source_ip": "192.0.2.10", "logon_type": 10}
{"id": "E11", "synthetic": true, "timestamp": "2026-09-24T08:02:00Z", "provider": "Microsoft-Windows-Security-Auditing", "event_id": 4625, "host": "WIN-LAB02", "user": "svc.lab", "domain": "LAB", "source_ip": "192.0.2.80", "logon_type": 3}
{"id": "E12", "synthetic": true, "timestamp": "2026-09-24T09:00:00Z", "provider": "Microsoft-Windows-Sysmon", "event_id": 1, "host": "WIN-LAB02", "user": "svc.lab", "domain": "LAB", "process_guid": "{22222222-2222-3333-4444-555555555555}", "process_id": 5000, "image": "C:\\Windows\\System32\\WindowsPowerShell\\v1.0\\powershell.exe", "parent_image": "C:\\Windows\\System32\\taskeng.exe", "command_line": "powershell.exe -NoProfile -Command Get-Date"}
{"id": "E13", "synthetic": true, "timestamp": "2026-09-24T09:00:00Z", "provider": "Microsoft-Windows-Security-Auditing", "event_id": 4688, "host": "WIN-LAB02", "user": "svc.lab", "domain": "LAB", "process_id": 5000, "image": "C:\\Windows\\System32\\WindowsPowerShell\\v1.0\\powershell.exe", "parent_image": "C:\\Windows\\System32\\taskeng.exe", "command_line": "powershell.exe -NoProfile -Command Get-Date"}
{"id": "E14", "synthetic": true, "timestamp": "2026-09-24T08:16:00Z", "provider": "Microsoft-Windows-Security-Auditing", "event_id": 4728, "host": "DC-LAB01", "actor": "admin.lab", "actor_domain": "LAB", "group": "Lab-Global-Operators", "member": "novo.lab", "group_scope": "global"}
{"id": "E15", "synthetic": true, "timestamp": "2026-09-24T08:18:00Z", "provider": "Microsoft-Windows-Security-Auditing", "event_id": 4732, "host": "WIN-LAB01", "actor": "admin.lab", "actor_domain": "WIN-LAB01", "group": "Administrators", "group_sid": "S-1-5-32-544", "member": "local.lab", "group_scope": "local"}
{"id": "E16", "synthetic": true, "timestamp": "2026-09-24T09:10:00Z", "provider": "Microsoft-Windows-Security-Auditing", "event_id": 4740, "host": "DC-LAB01", "user": "svc.lab", "domain": "LAB", "caller_computer": "WIN-LAB02"}
{"id": "E17", "synthetic": true, "timestamp": "2026-09-24T07:50:00Z", "provider": "Microsoft-Windows-Security-Auditing", "event_id": 4768, "host": "DC-LAB01", "user": "alan.lab", "domain": "LAB", "source_ip": "192.0.2.10"}
{"id": "E18", "synthetic": true, "timestamp": "2026-09-24T07:51:00Z", "provider": "Microsoft-Windows-Security-Auditing", "event_id": 4769, "host": "DC-LAB01", "user": "alan.lab", "domain": "LAB", "source_ip": "192.0.2.10"}
{"id": "E19", "synthetic": true, "timestamp": "2026-09-24T07:49:00Z", "provider": "Microsoft-Windows-Security-Auditing", "event_id": 4771, "host": "DC-LAB01", "user": "alan.lab", "domain": "LAB", "source_ip": "192.0.2.10"}
{"id": "E20", "synthetic": true, "timestamp": "2026-09-24T10:00:00Z", "provider": "Microsoft-Windows-Eventlog", "event_id": 1102, "host": "WIN-LAB02", "actor": "admin.lab", "actor_domain": "WIN-LAB02"}
{"id": "H01", "synthetic": true, "timestamp": "2026-09-23T08:08:00Z", "provider": "Microsoft-Windows-Sysmon", "event_id": 1, "host": "WIN-LAB01", "user": "alan.lab", "domain": "LAB", "logon_id": "0xA000", "process_guid": "{33333333-2222-3333-4444-555555555555}", "process_id": 4200, "parent_process_guid": "{AAAAAAAA-2222-3333-4444-555555555555}", "image": "C:\\Windows\\System32\\WindowsPowerShell\\v1.0\\powershell.exe", "parent_image": "C:\\Windows\\explorer.exe", "command_line": "powershell.exe -NoProfile -NoExit -Command Get-Date"}
{"id": "H02", "synthetic": true, "timestamp": "2026-09-23T08:05:00Z", "provider": "Microsoft-Windows-Security-Auditing", "event_id": 4624, "host": "WIN-LAB01", "user": "alan.lab", "domain": "LAB", "source_ip": "192.0.2.10", "logon_type": 10, "logon_id": "0xA000"}
